Started GET "/" for 127.0.0.1 at 2018-06-03 21:47:57 +0700
Processing by Rails::WelcomeController#index as HTML
  Rendering /home/trungnq/.rbenv/versions/2.3.3/lib/ruby/gems/2.3.0/gems/railties-5.2.0/lib/rails/templates/rails/welcome/index.html.erb
  Rendered /home/trungnq/.rbenv/versions/2.3.3/lib/ruby/gems/2.3.0/gems/railties-5.2.0/lib/rails/templates/rails/welcome/index.html.erb (6.6ms)
Completed 200 OK in 24ms (Views: 16.4ms | ActiveRecord: 0.0ms)


Started GET "/" for 127.0.0.1 at 2018-06-03 21:57:48 +0700
Processing by Rails::WelcomeController#index as HTML
  Rendering /home/trungnq/.rbenv/versions/2.3.3/lib/ruby/gems/2.3.0/gems/railties-5.2.0/lib/rails/templates/rails/welcome/index.html.erb
  Rendered /home/trungnq/.rbenv/versions/2.3.3/lib/ruby/gems/2.3.0/gems/railties-5.2.0/lib/rails/templates/rails/welcome/index.html.erb (2.9ms)
Completed 200 OK in 16ms (Views: 7.3ms | ActiveRecord: 0.0ms)


Started GET "/" for 127.0.0.1 at 2018-06-03 22:02:39 +0700
Processing by Rails::WelcomeController#index as HTML
  Rendering /home/trungnq/.rbenv/versions/2.3.3/lib/ruby/gems/2.3.0/gems/railties-5.2.0/lib/rails/templates/rails/welcome/index.html.erb
  Rendered /home/trungnq/.rbenv/versions/2.3.3/lib/ruby/gems/2.3.0/gems/railties-5.2.0/lib/rails/templates/rails/welcome/index.html.erb (2.2ms)
Completed 200 OK in 4ms (Views: 3.1ms | ActiveRecord: 0.0ms)


Started GET "/posts" for 127.0.0.1 at 2018-06-03 22:04:45 +0700
  
ActionController::RoutingError (No route matches [GET] "/posts"):
  
actionpack (5.2.0) lib/action_dispatch/middleware/debug_exceptions.rb:65:in `call'
web-console (3.6.2) lib/web_console/middleware.rb:135:in `call_app'
web-console (3.6.2) lib/web_console/middleware.rb:30:in `block in call'
web-console (3.6.2) lib/web_console/middleware.rb:20:in `catch'
web-console (3.6.2) lib/web_console/middleware.rb:20:in `call'
actionpack (5.2.0) lib/action_dispatch/middleware/show_exceptions.rb:33:in `call'
railties (5.2.0) lib/rails/rack/logger.rb:38:in `call_app'
railties (5.2.0) lib/rails/rack/logger.rb:26:in `block in call'
activesupport (5.2.0) lib/active_support/tagged_logging.rb:71:in `block in tagged'
activesupport (5.2.0) lib/active_support/tagged_logging.rb:28:in `tagged'
activesupport (5.2.0) lib/active_support/tagged_logging.rb:71:in `tagged'
railties (5.2.0) lib/rails/rack/logger.rb:26:in `call'
sprockets-rails (3.2.1) lib/sprockets/rails/quiet_assets.rb:13:in `call'
actionpack (5.2.0) lib/action_dispatch/middleware/remote_ip.rb:81:in `call'
actionpack (5.2.0) lib/action_dispatch/middleware/request_id.rb:27:in `call'
rack (2.0.5) lib/rack/method_override.rb:22:in `call'
rack (2.0.5) lib/rack/runtime.rb:22:in `call'
activesupport (5.2.0) lib/active_support/cache/strategy/local_cache_middleware.rb:29:in `call'
actionpack (5.2.0) lib/action_dispatch/middleware/executor.rb:14:in `call'
actionpack (5.2.0) lib/action_dispatch/middleware/static.rb:127:in `call'
rack (2.0.5) lib/rack/sendfile.rb:111:in `call'
railties (5.2.0) lib/rails/engine.rb:524:in `call'
puma (3.11.4) lib/puma/configuration.rb:225:in `call'
puma (3.11.4) lib/puma/server.rb:632:in `handle_request'
puma (3.11.4) lib/puma/server.rb:446:in `process_client'
puma (3.11.4) lib/puma/server.rb:306:in `block in run'
puma (3.11.4) lib/puma/thread_pool.rb:120:in `block in spawn_thread'
Started GET "/posts" for 127.0.0.1 at 2018-06-03 22:06:48 +0700
Processing by PostsController#index as HTML
  Rendering posts/index.html.erb within layouts/application
  Rendered posts/index.html.erb within layouts/application (0.2ms)
Completed 200 OK in 599ms (Views: 598.5ms | ActiveRecord: 0.0ms)


Started GET "/posts" for 127.0.0.1 at 2018-06-03 22:13:02 +0700
Processing by PostsController#index as HTML
  Rendering posts/index.html.erb within layouts/application
  Rendered posts/index.html.erb within layouts/application (0.8ms)
Completed 200 OK in 1516ms (Views: 1513.7ms | ActiveRecord: 0.0ms)


  [1m[35m (0.1ms)[0m  [1m[34mSELECT sqlite_version(*)[0m
  ↳ bin/rails:9
  [1m[35m (13.1ms)[0m  [1m[35mCREATE TABLE "schema_migrations" ("version" varchar NOT NULL PRIMARY KEY)[0m
  ↳ bin/rails:9
  [1m[35m (7.6ms)[0m  [1m[35mCREATE TABLE "ar_internal_metadata" ("key" varchar NOT NULL PRIMARY KEY, "value" varchar, "created_at" datetime NOT NULL, "updated_at" datetime NOT NULL)[0m
  ↳ bin/rails:9
  [1m[35m (0.2ms)[0m  [1m[34mSELECT "schema_migrations"."version" FROM "schema_migrations" ORDER BY "schema_migrations"."version" ASC[0m
  ↳ bin/rails:9
Migrating to CreatePosts (20180603151444)
  [1m[35m (0.1ms)[0m  [1m[36mbegin transaction[0m
  ↳ bin/rails:9
  [1m[35m (0.3ms)[0m  [1m[35mCREATE TABLE "posts" ("id" integer PRIMARY KEY AUTOINCREMENT NOT NULL, "title" varchar, "content" text, "created_at" datetime NOT NULL, "updated_at" datetime NOT NULL)[0m
  ↳ db/migrate/20180603151444_create_posts.rb:3
  [1m[36mActiveRecord::SchemaMigration Create (0.2ms)[0m  [1m[32mINSERT INTO "schema_migrations" ("version") VALUES (?)[0m  [["version", "20180603151444"]]
  ↳ bin/rails:9
  [1m[35m (7.6ms)[0m  [1m[36mcommit transaction[0m
  ↳ bin/rails:9
  [1m[36mActiveRecord::InternalMetadata Load (0.5ms)[0m  [1m[34mSELECT  "ar_internal_metadata".* FROM "ar_internal_metadata" WHERE "ar_internal_metadata"."key" = ? LIMIT ?[0m  [["key", "environment"], ["LIMIT", 1]]
  ↳ bin/rails:9
  [1m[35m (0.1ms)[0m  [1m[36mbegin transaction[0m
  ↳ bin/rails:9
  [1m[36mActiveRecord::InternalMetadata Create (0.4ms)[0m  [1m[32mINSERT INTO "ar_internal_metadata" ("key", "value", "created_at", "updated_at") VALUES (?, ?, ?, ?)[0m  [["key", "environment"], ["value", "development"], ["created_at", "2018-06-03 15:15:17.446934"], ["updated_at", "2018-06-03 15:15:17.446934"]]
  ↳ bin/rails:9
  [1m[35m (5.5ms)[0m  [1m[36mcommit transaction[0m
  ↳ bin/rails:9
  [1m[35m (0.1ms)[0m  [1m[34mSELECT "schema_migrations"."version" FROM "schema_migrations" ORDER BY "schema_migrations"."version" ASC[0m
  ↳ bin/rails:9
Started GET "/posts/new" for 127.0.0.1 at 2018-06-03 22:18:51 +0700
  [1m[35m (0.1ms)[0m  [1m[34mSELECT "schema_migrations"."version" FROM "schema_migrations" ORDER BY "schema_migrations"."version" ASC[0m
  ↳ /home/trungnq/.rbenv/versions/2.3.3/lib/ruby/gems/2.3.0/gems/activerecord-5.2.0/lib/active_record/log_subscriber.rb:98
Processing by PostsController#new as HTML
Completed 406 Not Acceptable in 19ms (ActiveRecord: 0.7ms)



ActionController::UnknownFormat - PostsController#new is missing a template for this request format and variant.

request.formats: ["text/html"]
request.variant: []

NOTE! For XHR/Ajax or API requests, this action would normally respond with 204 No Content: an empty white screen. Since you're loading it in a web browser, we assume that you expected to actually render a template, not nothing, so we're showing an error to be extra-clear. If you expect 204 No Content, carry on. That's what you'll get from an XHR or API request. Give it a shot.:

Started POST "/__better_errors/ad424aa939abe014/variables" for 127.0.0.1 at 2018-06-03 22:18:51 +0700
Started GET "/posts/new" for 127.0.0.1 at 2018-06-03 22:19:56 +0700
Processing by PostsController#new as HTML
  Rendering posts/new.html.erb within layouts/application
  Rendered posts/new.html.erb within layouts/application (1.3ms)
Completed 200 OK in 62ms (Views: 58.7ms | ActiveRecord: 0.0ms)


Started GET "/posts/new" for 127.0.0.1 at 2018-06-03 22:24:54 +0700
Processing by PostsController#new as HTML
  Rendering posts/new.html.erb within layouts/application
  Rendered posts/new.html.erb within layouts/application (3.8ms)
Completed 500 Internal Server Error in 15ms (ActiveRecord: 0.0ms)



SyntaxError - syntax error, unexpected keyword_end
	'.freeze;@output_buffer.append=( end );@output_buffer.safe_append='
	                                    ^
/home/trungnq/tmp/tmp/demo_blog/app/views/posts/new.html.erb:19: syntax error, unexpected keyword_ensure, expecting ')'
/home/trungnq/tmp/tmp/demo_blog/app/views/posts/new.html.erb:21: syntax error, unexpected keyword_end, expecting ')':
  app/views/posts/new.html.erb:16:in `'

Started POST "/__better_errors/f00e99ad2020cb46/variables" for 127.0.0.1 at 2018-06-03 22:24:54 +0700
Started GET "/posts/new" for 127.0.0.1 at 2018-06-03 22:25:28 +0700
Processing by PostsController#new as HTML
  Rendering posts/new.html.erb within layouts/application
  Rendered posts/new.html.erb within layouts/application (159.5ms)
Completed 200 OK in 184ms (Views: 178.4ms | ActiveRecord: 0.0ms)


Started POST "/posts" for 127.0.0.1 at 2018-06-03 22:25:56 +0700
Processing by PostsController#create as HTML
  Parameters: {"utf8"=>"✓", "authenticity_token"=>"BwPnk7uWLY4Oluizue/8wtn2rYkDhE7LtZdqs+mpWVKB/iDdDt/y6W0hvNcyKDs2Jy8TEUoKUYqICFVvut85+Q==", "post"=>{"title"=>"First post", "content"=>"Test post content"}, "commit"=>"Create new post"}
  [1m[35m (0.1ms)[0m  [1m[36mbegin transaction[0m
  ↳ app/controllers/posts_controller.rb:14
  [1m[36mPost Create (0.3ms)[0m  [1m[32mINSERT INTO "posts" ("title", "content", "created_at", "updated_at") VALUES (?, ?, ?, ?)[0m  [["title", "First post"], ["content", "Test post content"], ["created_at", "2018-06-03 15:25:56.162029"], ["updated_at", "2018-06-03 15:25:56.162029"]]
  ↳ app/controllers/posts_controller.rb:14
  [1m[35m (7.0ms)[0m  [1m[36mcommit transaction[0m
  ↳ app/controllers/posts_controller.rb:14
Redirected to http://localhost:3000/posts/1
Completed 302 Found in 11ms (ActiveRecord: 7.4ms)


Started GET "/posts/1" for 127.0.0.1 at 2018-06-03 22:25:56 +0700

AbstractController::ActionNotFound - The action 'show' could not be found for PostsController:

Started POST "/__better_errors/0aa0aa859c6ff27b/variables" for 127.0.0.1 at 2018-06-03 22:25:56 +0700
Started GET "/posts/1" for 127.0.0.1 at 2018-06-03 22:29:59 +0700
Processing by PostsController#show as HTML
  Parameters: {"id"=>"1"}
  [1m[36mPost Load (0.2ms)[0m  [1m[34mSELECT  "posts".* FROM "posts" WHERE "posts"."id" = ? LIMIT ?[0m  [["id", 1], ["LIMIT", 1]]
  ↳ app/controllers/posts_controller.rb:22
  Rendering posts/show.html.erb within layouts/application
  Rendered posts/show.html.erb within layouts/application (0.6ms)
Completed 200 OK in 30ms (Views: 17.1ms | ActiveRecord: 0.9ms)


Started GET "/posts/" for 127.0.0.1 at 2018-06-03 22:30:12 +0700
Processing by PostsController#index as HTML
  Rendering posts/index.html.erb within layouts/application
  Rendered posts/index.html.erb within layouts/application (0.4ms)
Completed 200 OK in 21ms (Views: 20.2ms | ActiveRecord: 0.0ms)


Started GET "/posts/" for 127.0.0.1 at 2018-06-03 22:35:38 +0700
Processing by PostsController#index as HTML
  Rendering posts/index.html.erb within layouts/application
  [1m[36mPost Load (0.2ms)[0m  [1m[34mSELECT "posts".* FROM "posts" ORDER BY created_at DESC[0m
  ↳ app/views/posts/index.html.erb:6
  Rendered posts/index.html.erb within layouts/application (5.7ms)
Completed 200 OK in 24ms (Views: 21.0ms | ActiveRecord: 0.7ms)


Started GET "/posts/" for 127.0.0.1 at 2018-06-03 22:36:56 +0700
Processing by PostsController#index as HTML
  Rendering posts/index.html.erb within layouts/application
  Rendered posts/index.html.erb within layouts/application (2.9ms)
Completed 500 Internal Server Error in 8ms (ActiveRecord: 0.0ms)



NoMethodError - undefined method `each' for nil:NilClass:
  app/views/posts/index.html.erb:6:in `_app_views_posts_index_html_erb___3682249373390369627_47103709233760'

Started POST "/__better_errors/77faa5e571ec1b1d/variables" for 127.0.0.1 at 2018-06-03 22:36:56 +0700
  [1m[36mPost Load (0.2ms)[0m  [1m[34mSELECT  "posts".* FROM "posts" ORDER BY created_at DESC LIMIT ?[0m  [["LIMIT", 11]]
  ↳ /home/trungnq/.rbenv/versions/2.3.3/lib/ruby/gems/2.3.0/gems/activerecord-5.2.0/lib/active_record/log_subscriber.rb:98
Started GET "/posts/" for 127.0.0.1 at 2018-06-03 22:37:33 +0700
Processing by PostsController#index as HTML
  Rendering posts/index.html.erb within layouts/application
  Rendered posts/index.html.erb within layouts/application (1.9ms)
Completed 500 Internal Server Error in 6ms (ActiveRecord: 0.0ms)



NoMethodError - undefined method `each' for nil:NilClass:
  app/views/posts/index.html.erb:6:in `_app_views_posts_index_html_erb___3682249373390369627_69972755506840'

Started POST "/__better_errors/cba498871e919dd7/variables" for 127.0.0.1 at 2018-06-03 22:37:34 +0700
  [1m[36mPost Load (0.2ms)[0m  [1m[34mSELECT  "posts".* FROM "posts" ORDER BY created_at DESC LIMIT ?[0m  [["LIMIT", 11]]
  ↳ /home/trungnq/.rbenv/versions/2.3.3/lib/ruby/gems/2.3.0/gems/activerecord-5.2.0/lib/active_record/log_subscriber.rb:98
Started GET "/posts/" for 127.0.0.1 at 2018-06-03 22:37:35 +0700
Processing by PostsController#index as HTML
  Rendering posts/index.html.erb within layouts/application
  Rendered posts/index.html.erb within layouts/application (1.7ms)
Completed 500 Internal Server Error in 5ms (ActiveRecord: 0.0ms)



NoMethodError - undefined method `each' for nil:NilClass:
  app/views/posts/index.html.erb:6:in `_app_views_posts_index_html_erb___3682249373390369627_69972755955540'

Started POST "/__better_errors/9286b39bbbe690fb/variables" for 127.0.0.1 at 2018-06-03 22:37:35 +0700
  [1m[36mPost Load (0.3ms)[0m  [1m[34mSELECT  "posts".* FROM "posts" ORDER BY created_at DESC LIMIT ?[0m  [["LIMIT", 11]]
  ↳ /home/trungnq/.rbenv/versions/2.3.3/lib/ruby/gems/2.3.0/gems/activerecord-5.2.0/lib/active_record/log_subscriber.rb:98
Started GET "/posts/" for 127.0.0.1 at 2018-06-03 22:38:04 +0700
Processing by PostsController#index as HTML
  Rendering posts/index.html.erb within layouts/application
  [1m[36mPost Load (0.2ms)[0m  [1m[34mSELECT "posts".* FROM "posts" ORDER BY created_at DESC[0m
  ↳ app/views/posts/index.html.erb:6
  Rendered posts/index.html.erb within layouts/application (4.7ms)
Completed 200 OK in 22ms (Views: 19.5ms | ActiveRecord: 0.6ms)


Started GET "/posts/" for 127.0.0.1 at 2018-06-03 22:38:27 +0700
Processing by PostsController#index as HTML
  Rendering posts/index.html.erb within layouts/application
  [1m[36mPost Load (0.6ms)[0m  [1m[34mSELECT "posts".* FROM "posts" ORDER BY created_at DESC[0m
  ↳ app/views/posts/index.html.erb:6
  Rendered posts/index.html.erb within layouts/application (4.3ms)
Completed 200 OK in 77ms (Views: 71.7ms | ActiveRecord: 0.6ms)


Started GET "/posts/" for 127.0.0.1 at 2018-06-03 22:38:28 +0700
Processing by PostsController#index as HTML
  Rendering posts/index.html.erb within layouts/application
  [1m[36mPost Load (0.7ms)[0m  [1m[34mSELECT "posts".* FROM "posts" ORDER BY created_at DESC[0m
  ↳ app/views/posts/index.html.erb:6
  Rendered posts/index.html.erb within layouts/application (5.4ms)
Completed 200 OK in 67ms (Views: 60.8ms | ActiveRecord: 0.7ms)


Started GET "/posts/" for 127.0.0.1 at 2018-06-03 22:38:29 +0700
Processing by PostsController#index as HTML
  Rendering posts/index.html.erb within layouts/application
  [1m[36mPost Load (0.6ms)[0m  [1m[34mSELECT "posts".* FROM "posts" ORDER BY created_at DESC[0m
  ↳ app/views/posts/index.html.erb:6
  Rendered posts/index.html.erb within layouts/application (4.6ms)
Completed 200 OK in 64ms (Views: 59.3ms | ActiveRecord: 0.6ms)


Started GET "/posts/" for 127.0.0.1 at 2018-06-03 22:38:30 +0700
Processing by PostsController#index as HTML
  Rendering posts/index.html.erb within layouts/application
  [1m[36mPost Load (0.5ms)[0m  [1m[34mSELECT "posts".* FROM "posts" ORDER BY created_at DESC[0m
  ↳ app/views/posts/index.html.erb:6
  Rendered posts/index.html.erb within layouts/application (4.0ms)
Completed 200 OK in 84ms (Views: 79.8ms | ActiveRecord: 0.5ms)


Started GET "/posts/" for 127.0.0.1 at 2018-06-03 22:40:02 +0700
Processing by PostsController#index as HTML
  Rendering posts/index.html.erb within layouts/application
  [1m[36mPost Load (0.4ms)[0m  [1m[34mSELECT "posts".* FROM "posts" ORDER BY created_at DESC[0m
  ↳ app/views/posts/index.html.erb:6
  Rendered posts/index.html.erb within layouts/application (6.2ms)
Completed 200 OK in 43ms (Views: 41.4ms | ActiveRecord: 0.4ms)


Started GET "/posts/1" for 127.0.0.1 at 2018-06-03 22:40:03 +0700
Processing by PostsController#show as HTML
  Parameters: {"id"=>"1"}
  [1m[36mPost Load (0.4ms)[0m  [1m[34mSELECT  "posts".* FROM "posts" WHERE "posts"."id" = ? LIMIT ?[0m  [["id", 1], ["LIMIT", 1]]
  ↳ app/controllers/posts_controller.rb:22
  Rendering posts/show.html.erb within layouts/application
  Rendered posts/show.html.erb within layouts/application (0.5ms)
Completed 200 OK in 36ms (Views: 32.2ms | ActiveRecord: 0.4ms)


Started GET "/posts/" for 127.0.0.1 at 2018-06-03 22:41:32 +0700
Processing by PostsController#index as HTML
  Rendering posts/index.html.erb within layouts/application
  [1m[36mPost Load (0.5ms)[0m  [1m[34mSELECT "posts".* FROM "posts" ORDER BY created_at DESC[0m
  ↳ app/views/posts/index.html.erb:6
  Rendered posts/index.html.erb within layouts/application (4.5ms)
Completed 200 OK in 77ms (Views: 72.4ms | ActiveRecord: 0.5ms)


Started GET "/posts/" for 127.0.0.1 at 2018-06-03 22:51:17 +0700
Processing by PostsController#index as HTML
  Rendering posts/index.html.erb within layouts/application
  [1m[36mPost Load (0.5ms)[0m  [1m[34mSELECT "posts".* FROM "posts" ORDER BY created_at DESC[0m
  ↳ app/views/posts/index.html.erb:6
  Rendered posts/index.html.erb within layouts/application (5.3ms)
  [1m[36mPost Load (0.3ms)[0m  [1m[34mSELECT  "posts".* FROM "posts" ORDER BY created_at DESC LIMIT ?[0m  [["LIMIT", 11]]
  ↳ /home/trungnq/.rbenv/versions/2.3.3/lib/ruby/gems/2.3.0/gems/activerecord-5.2.0/lib/active_record/log_subscriber.rb:98
  [1m[36mCACHE Post Load (0.0ms)[0m  [1m[34mSELECT  "posts".* FROM "posts" ORDER BY created_at DESC LIMIT ?[0m  [["LIMIT", 11]]
  ↳ /home/trungnq/.rbenv/versions/2.3.3/lib/ruby/gems/2.3.0/gems/activerecord-5.2.0/lib/active_record/log_subscriber.rb:98
  [1m[36mCACHE Post Load (0.0ms)[0m  [1m[34mSELECT  "posts".* FROM "posts" ORDER BY created_at DESC LIMIT ?[0m  [["LIMIT", 11]]
  ↳ /home/trungnq/.rbenv/versions/2.3.3/lib/ruby/gems/2.3.0/gems/activerecord-5.2.0/lib/active_record/log_subscriber.rb:98
  [1m[36mCACHE Post Load (0.0ms)[0m  [1m[34mSELECT  "posts".* FROM "posts" ORDER BY created_at DESC LIMIT ?[0m  [["LIMIT", 11]]
  ↳ /home/trungnq/.rbenv/versions/2.3.3/lib/ruby/gems/2.3.0/gems/activerecord-5.2.0/lib/active_record/log_subscriber.rb:98
  [1m[36mCACHE Post Load (0.0ms)[0m  [1m[34mSELECT  "posts".* FROM "posts" ORDER BY created_at DESC LIMIT ?[0m  [["LIMIT", 11]]
  ↳ /home/trungnq/.rbenv/versions/2.3.3/lib/ruby/gems/2.3.0/gems/activerecord-5.2.0/lib/active_record/log_subscriber.rb:98
  [1m[36mCACHE Post Load (0.0ms)[0m  [1m[34mSELECT  "posts".* FROM "posts" ORDER BY created_at DESC LIMIT ?[0m  [["LIMIT", 11]]
  ↳ /home/trungnq/.rbenv/versions/2.3.3/lib/ruby/gems/2.3.0/gems/activerecord-5.2.0/lib/active_record/log_subscriber.rb:98
  [1m[36mCACHE Post Load (0.1ms)[0m  [1m[34mSELECT  "posts".* FROM "posts" ORDER BY created_at DESC LIMIT ?[0m  [["LIMIT", 11]]
  ↳ /home/trungnq/.rbenv/versions/2.3.3/lib/ruby/gems/2.3.0/gems/activerecord-5.2.0/lib/active_record/log_subscriber.rb:98
  [1m[36mCACHE Post Load (0.0ms)[0m  [1m[34mSELECT  "posts".* FROM "posts" ORDER BY created_at DESC LIMIT ?[0m  [["LIMIT", 11]]
  ↳ /home/trungnq/.rbenv/versions/2.3.3/lib/ruby/gems/2.3.0/gems/activerecord-5.2.0/lib/active_record/log_subscriber.rb:98
  [1m[36mCACHE Post Load (0.0ms)[0m  [1m[34mSELECT  "posts".* FROM "posts" ORDER BY created_at DESC LIMIT ?[0m  [["LIMIT", 11]]
  ↳ /home/trungnq/.rbenv/versions/2.3.3/lib/ruby/gems/2.3.0/gems/activerecord-5.2.0/lib/active_record/log_subscriber.rb:98
  [1m[36mCACHE Post Load (0.0ms)[0m  [1m[34mSELECT  "posts".* FROM "posts" ORDER BY created_at DESC LIMIT ?[0m  [["LIMIT", 11]]
  ↳ /home/trungnq/.rbenv/versions/2.3.3/lib/ruby/gems/2.3.0/gems/activerecord-5.2.0/lib/active_record/log_subscriber.rb:98
  [1m[36mCACHE Post Load (0.0ms)[0m  [1m[34mSELECT  "posts".* FROM "posts" ORDER BY created_at DESC LIMIT ?[0m  [["LIMIT", 11]]
  ↳ /home/trungnq/.rbenv/versions/2.3.3/lib/ruby/gems/2.3.0/gems/activerecord-5.2.0/lib/active_record/log_subscriber.rb:98
  [1m[36mCACHE Post Load (0.0ms)[0m  [1m[34mSELECT  "posts".* FROM "posts" ORDER BY created_at DESC LIMIT ?[0m  [["LIMIT", 11]]
  ↳ /home/trungnq/.rbenv/versions/2.3.3/lib/ruby/gems/2.3.0/gems/activerecord-5.2.0/lib/active_record/log_subscriber.rb:98
Completed 500 Internal Server Error in 342ms (ActiveRecord: 1.1ms)


  [1m[36mCACHE Post Load (0.0ms)[0m  [1m[34mSELECT  "posts".* FROM "posts" ORDER BY created_at DESC LIMIT ?[0m  [["LIMIT", 11]]
  ↳ /home/trungnq/.rbenv/versions/2.3.3/lib/ruby/gems/2.3.0/gems/activerecord-5.2.0/lib/active_record/log_subscriber.rb:98
  [1m[36mCACHE Post Load (0.0ms)[0m  [1m[34mSELECT  "posts".* FROM "posts" ORDER BY created_at DESC LIMIT ?[0m  [["LIMIT", 11]]
  ↳ /home/trungnq/.rbenv/versions/2.3.3/lib/ruby/gems/2.3.0/gems/activerecord-5.2.0/lib/active_record/log_subscriber.rb:98
  [1m[36mCACHE Post Load (0.0ms)[0m  [1m[34mSELECT  "posts".* FROM "posts" ORDER BY created_at DESC LIMIT ?[0m  [["LIMIT", 11]]
  ↳ /home/trungnq/.rbenv/versions/2.3.3/lib/ruby/gems/2.3.0/gems/activerecord-5.2.0/lib/active_record/log_subscriber.rb:98
  [1m[36mCACHE Post Load (0.0ms)[0m  [1m[34mSELECT  "posts".* FROM "posts" ORDER BY created_at DESC LIMIT ?[0m  [["LIMIT", 11]]
  ↳ /home/trungnq/.rbenv/versions/2.3.3/lib/ruby/gems/2.3.0/gems/activerecord-5.2.0/lib/active_record/log_subscriber.rb:98
  [1m[36mCACHE Post Load (0.0ms)[0m  [1m[34mSELECT  "posts".* FROM "posts" ORDER BY created_at DESC LIMIT ?[0m  [["LIMIT", 11]]
  ↳ /home/trungnq/.rbenv/versions/2.3.3/lib/ruby/gems/2.3.0/gems/activerecord-5.2.0/lib/active_record/log_subscriber.rb:98
  [1m[36mCACHE Post Load (0.0ms)[0m  [1m[34mSELECT  "posts".* FROM "posts" ORDER BY created_at DESC LIMIT ?[0m  [["LIMIT", 11]]
  ↳ /home/trungnq/.rbenv/versions/2.3.3/lib/ruby/gems/2.3.0/gems/activerecord-5.2.0/lib/active_record/log_subscriber.rb:98

NameError - undefined local variable or method `page_title' for #<#<Class:0x007f479b87acf0>:0x007f479aa49ac8>:
  app/views/layouts/application.html.erb:39:in `_app_views_layouts_application_html_erb___1063756913408257833_69972756541940'

Started POST "/__better_errors/86ec33901e0daeb9/variables" for 127.0.0.1 at 2018-06-03 22:51:17 +0700
Started GET "/posts/" for 127.0.0.1 at 2018-06-03 22:52:31 +0700
Processing by PostsController#index as HTML
  Rendering posts/index.html.erb within layouts/application
  [1m[36mPost Load (0.6ms)[0m  [1m[34mSELECT "posts".* FROM "posts" ORDER BY created_at DESC[0m
  ↳ app/views/posts/index.html.erb:6
  Rendered posts/index.html.erb within layouts/application (5.6ms)
Completed 200 OK in 55ms (Views: 50.3ms | ActiveRecord: 0.6ms)


Started GET "/posts/" for 127.0.0.1 at 2018-06-03 23:10:38 +0700
Processing by PostsController#index as HTML
  Rendering posts/index.html.erb within layouts/application
  [1m[36mPost Load (0.3ms)[0m  [1m[34mSELECT "posts".* FROM "posts" ORDER BY created_at DESC[0m
  ↳ app/views/posts/index.html.erb:6
  Rendered posts/index.html.erb within layouts/application (2.9ms)
Completed 200 OK in 35ms (Views: 32.8ms | ActiveRecord: 0.3ms)


Started GET "/posts/" for 127.0.0.1 at 2018-06-03 23:11:56 +0700
Processing by PostsController#index as HTML
  Rendering posts/index.html.erb within layouts/application
  [1m[36mPost Load (0.5ms)[0m  [1m[34mSELECT "posts".* FROM "posts" ORDER BY created_at DESC[0m
  ↳ app/views/posts/index.html.erb:6
  Rendered posts/index.html.erb within layouts/application (4.5ms)
Completed 200 OK in 67ms (Views: 59.6ms | ActiveRecord: 0.5ms)


Started GET "/posts/" for 127.0.0.1 at 2018-06-03 23:12:22 +0700
Processing by PostsController#index as HTML
  Rendering posts/index.html.erb within layouts/application
  [1m[36mPost Load (0.7ms)[0m  [1m[34mSELECT "posts".* FROM "posts" ORDER BY created_at DESC[0m
  ↳ app/views/posts/index.html.erb:6
  Rendered posts/index.html.erb within layouts/application (5.5ms)
Completed 200 OK in 66ms (Views: 61.2ms | ActiveRecord: 0.7ms)


Started GET "/posts/1" for 127.0.0.1 at 2018-06-03 23:12:27 +0700
Processing by PostsController#show as HTML
  Parameters: {"id"=>"1"}
  [1m[36mPost Load (0.2ms)[0m  [1m[34mSELECT  "posts".* FROM "posts" WHERE "posts"."id" = ? LIMIT ?[0m  [["id", 1], ["LIMIT", 1]]
  ↳ app/controllers/posts_controller.rb:22
  Rendering posts/show.html.erb within layouts/application
  Rendered posts/show.html.erb within layouts/application (0.5ms)
Completed 200 OK in 32ms (Views: 30.7ms | ActiveRecord: 0.2ms)


Started GET "/" for 127.0.0.1 at 2018-06-03 23:12:29 +0700
Processing by PostsController#index as HTML
  Rendering posts/index.html.erb within layouts/application
  [1m[36mPost Load (0.3ms)[0m  [1m[34mSELECT "posts".* FROM "posts" ORDER BY created_at DESC[0m
  ↳ app/views/posts/index.html.erb:6
  Rendered posts/index.html.erb within layouts/application (3.2ms)
Completed 200 OK in 48ms (Views: 42.9ms | ActiveRecord: 0.3ms)


Started GET "/posts/new" for 127.0.0.1 at 2018-06-03 23:12:31 +0700
Processing by PostsController#new as HTML
  Rendering posts/new.html.erb within layouts/application
  Rendered posts/new.html.erb within layouts/application (28.8ms)
Completed 200 OK in 103ms (Views: 99.2ms | ActiveRecord: 0.0ms)


Started GET "/posts/new" for 127.0.0.1 at 2018-06-03 23:12:52 +0700
Processing by PostsController#new as HTML
  Rendering posts/new.html.erb within layouts/application
  Rendered posts/new.html.erb within layouts/application (13.5ms)
Completed 200 OK in 68ms (Views: 66.0ms | ActiveRecord: 0.0ms)


Started GET "/posts/new" for 127.0.0.1 at 2018-06-03 23:13:48 +0700
Processing by PostsController#new as HTML
  Rendering posts/new.html.erb within layouts/application
  Rendered posts/new.html.erb within layouts/application (34.1ms)
Completed 200 OK in 102ms (Views: 96.3ms | ActiveRecord: 0.0ms)


Started GET "/" for 127.0.0.1 at 2018-06-03 23:14:37 +0700
Processing by PostsController#index as HTML
  Rendering posts/index.html.erb within layouts/application
  [1m[36mPost Load (0.4ms)[0m  [1m[34mSELECT "posts".* FROM "posts" ORDER BY created_at DESC[0m
  ↳ app/views/posts/index.html.erb:6
  Rendered posts/index.html.erb within layouts/application (3.4ms)
Completed 200 OK in 68ms (Views: 65.7ms | ActiveRecord: 0.4ms)


Started GET "/posts/1" for 127.0.0.1 at 2018-06-03 23:14:39 +0700
Processing by PostsController#show as HTML
  Parameters: {"id"=>"1"}
  [1m[36mPost Load (0.4ms)[0m  [1m[34mSELECT  "posts".* FROM "posts" WHERE "posts"."id" = ? LIMIT ?[0m  [["id", 1], ["LIMIT", 1]]
  ↳ app/controllers/posts_controller.rb:22
  Rendering posts/show.html.erb within layouts/application
  Rendered posts/show.html.erb within layouts/application (1.1ms)
Completed 200 OK in 72ms (Views: 67.6ms | ActiveRecord: 0.4ms)


Started GET "/" for 127.0.0.1 at 2018-06-04 00:08:56 +0700
Processing by PostsController#index as HTML
  Rendering posts/index.html.erb within layouts/application
  [1m[36mPost Load (0.5ms)[0m  [1m[34mSELECT "posts".* FROM "posts" ORDER BY created_at DESC[0m
  ↳ app/views/posts/index.html.erb:6
  Rendered posts/index.html.erb within layouts/application (10.6ms)
Completed 200 OK in 45ms (Views: 39.4ms | ActiveRecord: 1.3ms)


Started GET "/posts/1" for 127.0.0.1 at 2018-06-04 00:08:59 +0700
Processing by PostsController#show as HTML
  Parameters: {"id"=>"1"}
  [1m[36mPost Load (0.2ms)[0m  [1m[34mSELECT  "posts".* FROM "posts" WHERE "posts"."id" = ? LIMIT ?[0m  [["id", 1], ["LIMIT", 1]]
  ↳ app/controllers/posts_controller.rb:22
  Rendering posts/show.html.erb within layouts/application
  Rendered posts/show.html.erb within layouts/application (0.7ms)
Completed 200 OK in 47ms (Views: 45.2ms | ActiveRecord: 0.2ms)


Started GET "/posts/1/edit" for 127.0.0.1 at 2018-06-04 00:09:08 +0700
Processing by PostsController#edit as HTML
  Parameters: {"id"=>"1"}
  [1m[36mPost Load (0.1ms)[0m  [1m[34mSELECT  "posts".* FROM "posts" WHERE "posts"."id" = ? LIMIT ?[0m  [["id", 1], ["LIMIT", 1]]
  ↳ app/controllers/posts_controller.rb:37
Completed 406 Not Acceptable in 19ms (ActiveRecord: 0.1ms)



ActionController::UnknownFormat - PostsController#edit is missing a template for this request format and variant.

request.formats: ["text/html"]
request.variant: []

NOTE! For XHR/Ajax or API requests, this action would normally respond with 204 No Content: an empty white screen. Since you're loading it in a web browser, we assume that you expected to actually render a template, not nothing, so we're showing an error to be extra-clear. If you expect 204 No Content, carry on. That's what you'll get from an XHR or API request. Give it a shot.:

Started POST "/__better_errors/3c21d15864df55f1/variables" for 127.0.0.1 at 2018-06-04 00:09:08 +0700
Started GET "/posts/1" for 127.0.0.1 at 2018-06-04 00:09:13 +0700
Processing by PostsController#show as HTML
  Parameters: {"id"=>"1"}
  [1m[36mPost Load (0.6ms)[0m  [1m[34mSELECT  "posts".* FROM "posts" WHERE "posts"."id" = ? LIMIT ?[0m  [["id", 1], ["LIMIT", 1]]
  ↳ app/controllers/posts_controller.rb:22
  Rendering posts/show.html.erb within layouts/application
  Rendered posts/show.html.erb within layouts/application (1.3ms)
Completed 200 OK in 43ms (Views: 40.9ms | ActiveRecord: 0.6ms)


Started GET "/posts/1" for 127.0.0.1 at 2018-06-04 00:11:45 +0700
Processing by PostsController#show as HTML
  Parameters: {"id"=>"1"}
  [1m[36mPost Load (0.2ms)[0m  [1m[34mSELECT  "posts".* FROM "posts" WHERE "posts"."id" = ? LIMIT ?[0m  [["id", 1], ["LIMIT", 1]]
  ↳ app/controllers/posts_controller.rb:22
  Rendering posts/show.html.erb within layouts/application
  Rendered posts/show.html.erb within layouts/application (0.9ms)
Completed 200 OK in 50ms (Views: 47.6ms | ActiveRecord: 0.2ms)


Started GET "/posts/1/edit" for 127.0.0.1 at 2018-06-04 00:11:47 +0700
Processing by PostsController#edit as HTML
  Parameters: {"id"=>"1"}
  [1m[36mPost Load (0.2ms)[0m  [1m[34mSELECT  "posts".* FROM "posts" WHERE "posts"."id" = ? LIMIT ?[0m  [["id", 1], ["LIMIT", 1]]
  ↳ app/controllers/posts_controller.rb:37
  Rendering posts/edit.html.erb within layouts/application
  Rendered posts/edit.html.erb within layouts/application (3.5ms)
Completed 500 Internal Server Error in 13ms (ActiveRecord: 0.2ms)



ActionView::MissingTemplate - Missing partial posts/_form, application/_form with {:locale=>[:en], :formats=>[:html], :variants=>[], :handlers=>[:raw, :erb, :html, :builder, :ruby, :coffee, :jbuilder]}. Searched in:
  * "/home/trungnq/tmp/tmp/demo_blog/app/views"
:
  app/views/posts/edit.html.erb:3:in `_app_views_posts_edit_html_erb___2696293467160808359_69972745695160'

Started POST "/__better_errors/3e071d5c737c2b6b/variables" for 127.0.0.1 at 2018-06-04 00:11:47 +0700
Started GET "/posts/1/edit" for 127.0.0.1 at 2018-06-04 00:12:34 +0700
Processing by PostsController#edit as HTML
  Parameters: {"id"=>"1"}
  [1m[36mPost Load (0.1ms)[0m  [1m[34mSELECT  "posts".* FROM "posts" WHERE "posts"."id" = ? LIMIT ?[0m  [["id", 1], ["LIMIT", 1]]
  ↳ app/controllers/posts_controller.rb:37
  Rendering posts/edit.html.erb within layouts/application
  Rendered posts/edit.html.erb within layouts/application (8.9ms)
Completed 200 OK in 39ms (Views: 37.9ms | ActiveRecord: 0.1ms)


Started GET "/posts/1/edit" for 127.0.0.1 at 2018-06-04 00:13:15 +0700
Processing by PostsController#edit as HTML
  Parameters: {"id"=>"1"}
  [1m[36mPost Load (0.4ms)[0m  [1m[34mSELECT  "posts".* FROM "posts" WHERE "posts"."id" = ? LIMIT ?[0m  [["id", 1], ["LIMIT", 1]]
  ↳ app/controllers/posts_controller.rb:37
  Rendering posts/edit.html.erb within layouts/application
  Rendered posts/edit.html.erb within layouts/application (11.8ms)
Completed 200 OK in 56ms (Views: 52.6ms | ActiveRecord: 0.4ms)


Started PATCH "/posts/1" for 127.0.0.1 at 2018-06-04 00:13:18 +0700
Processing by PostsController#update as HTML
  Parameters: {"utf8"=>"✓", "authenticity_token"=>"V1U1crKc7OIQ7iiVeJ6so0pkzSaaEjocJCqYT5sBQmzRqPI8B9UzhXNZfPHzWWtXtL1zvtOcJV0ZtaeTyHcixw==", "post"=>{"title"=>"First post", "content"=>"Test post content"}, "commit"=>"Edit post", "id"=>"1"}
  [1m[36mPost Load (0.1ms)[0m  [1m[34mSELECT  "posts".* FROM "posts" WHERE "posts"."id" = ? LIMIT ?[0m  [["id", 1], ["LIMIT", 1]]
  ↳ app/controllers/posts_controller.rb:27
  [1m[35m (0.1ms)[0m  [1m[36mbegin transaction[0m
  ↳ app/controllers/posts_controller.rb:29
  [1m[35m (0.1ms)[0m  [1m[36mcommit transaction[0m
  ↳ app/controllers/posts_controller.rb:29
Redirected to http://localhost:3000/posts/1
Completed 302 Found in 4ms (ActiveRecord: 0.2ms)


Started GET "/posts/1" for 127.0.0.1 at 2018-06-04 00:13:18 +0700
Processing by PostsController#show as HTML
  Parameters: {"id"=>"1"}
  [1m[36mPost Load (0.1ms)[0m  [1m[34mSELECT  "posts".* FROM "posts" WHERE "posts"."id" = ? LIMIT ?[0m  [["id", 1], ["LIMIT", 1]]
  ↳ app/controllers/posts_controller.rb:22
  Rendering posts/show.html.erb within layouts/application
  Rendered posts/show.html.erb within layouts/application (0.7ms)
Completed 200 OK in 39ms (Views: 37.0ms | ActiveRecord: 0.1ms)


Started GET "/posts/1/edit" for 127.0.0.1 at 2018-06-04 00:13:37 +0700
Processing by PostsController#edit as HTML
  Parameters: {"id"=>"1"}
  [1m[36mPost Load (0.5ms)[0m  [1m[34mSELECT  "posts".* FROM "posts" WHERE "posts"."id" = ? LIMIT ?[0m  [["id", 1], ["LIMIT", 1]]
  ↳ app/controllers/posts_controller.rb:37
  Rendering posts/edit.html.erb within layouts/application
  Rendered posts/edit.html.erb within layouts/application (10.3ms)
Completed 200 OK in 64ms (Views: 60.2ms | ActiveRecord: 0.5ms)


Started PATCH "/posts/1" for 127.0.0.1 at 2018-06-04 00:13:44 +0700
Processing by PostsController#update as HTML
  Parameters: {"utf8"=>"✓", "authenticity_token"=>"QB7hFO47IBv4+dbOgr0iiKEPcF+Pz+aMl/27nR5HAeuDqDrIFSpmrTWSnTA0PVkpRJF8Cd/4ck+XifGs1htmAw==", "post"=>{"title"=>"First post", "content"=>"Test post content with end update"}, "commit"=>"Edit post", "id"=>"1"}
  [1m[36mPost Load (0.1ms)[0m  [1m[34mSELECT  "posts".* FROM "posts" WHERE "posts"."id" = ? LIMIT ?[0m  [["id", 1], ["LIMIT", 1]]
  ↳ app/controllers/posts_controller.rb:27
  [1m[35m (0.1ms)[0m  [1m[36mbegin transaction[0m
  ↳ app/controllers/posts_controller.rb:29
  [1m[36mPost Update (0.8ms)[0m  [1m[33mUPDATE "posts" SET "content" = ?, "updated_at" = ? WHERE "posts"."id" = ?[0m  [["content", "Test post content with end update"], ["updated_at", "2018-06-03 17:13:44.218249"], ["id", 1]]
  ↳ app/controllers/posts_controller.rb:29
  [1m[35m (7.5ms)[0m  [1m[36mcommit transaction[0m
  ↳ app/controllers/posts_controller.rb:29
Redirected to http://localhost:3000/posts/1
Completed 302 Found in 18ms (ActiveRecord: 8.5ms)


Started GET "/posts/1" for 127.0.0.1 at 2018-06-04 00:13:44 +0700
Processing by PostsController#show as HTML
  Parameters: {"id"=>"1"}
  [1m[36mPost Load (0.1ms)[0m  [1m[34mSELECT  "posts".* FROM "posts" WHERE "posts"."id" = ? LIMIT ?[0m  [["id", 1], ["LIMIT", 1]]
  ↳ app/controllers/posts_controller.rb:22
  Rendering posts/show.html.erb within layouts/application
  Rendered posts/show.html.erb within layouts/application (1.2ms)
Completed 200 OK in 38ms (Views: 35.8ms | ActiveRecord: 0.1ms)


Started GET "/posts/1" for 127.0.0.1 at 2018-06-04 00:25:32 +0700
Processing by PostsController#show as HTML
  Parameters: {"id"=>"1"}
  [1m[36mPost Load (0.1ms)[0m  [1m[34mSELECT  "posts".* FROM "posts" WHERE "posts"."id" = ? LIMIT ?[0m  [["id", 1], ["LIMIT", 1]]
  ↳ app/controllers/posts_controller.rb:22
  Rendering posts/show.html.erb within layouts/application
  Rendered posts/show.html.erb within layouts/application (0.7ms)
Completed 500 Internal Server Error in 13ms (ActiveRecord: 0.6ms)



SyntaxError - syntax error, unexpected tSYMBEG, expecting keyword_do or '{' or '('
...te", post_path(@post), method :delete, data: { confirm: "Are...
...                               ^
/home/trungnq/tmp/tmp/demo_blog/app/views/posts/show.html.erb:18: syntax error, unexpected ',', expecting keyword_end
...: { confirm: "Are you sure? "}, class: "button is-danger" 
...                               ^:
  app/views/posts/show.html.erb:18:in `'

Started POST "/__better_errors/2499d2f0a8a6c102/variables" for 127.0.0.1 at 2018-06-04 00:25:33 +0700
Started GET "/posts/1" for 127.0.0.1 at 2018-06-04 00:26:07 +0700
Processing by PostsController#show as HTML
  Parameters: {"id"=>"1"}
  [1m[36mPost Load (0.7ms)[0m  [1m[34mSELECT  "posts".* FROM "posts" WHERE "posts"."id" = ? LIMIT ?[0m  [["id", 1], ["LIMIT", 1]]
  ↳ app/controllers/posts_controller.rb:22
  Rendering posts/show.html.erb within layouts/application
  Rendered posts/show.html.erb within layouts/application (4.6ms)
Completed 200 OK in 54ms (Views: 46.5ms | ActiveRecord: 0.7ms)


Started GET "/" for 127.0.0.1 at 2018-06-04 00:29:27 +0700
Processing by PostsController#index as HTML
  Rendering posts/index.html.erb within layouts/application
  [1m[36mPost Load (0.3ms)[0m  [1m[34mSELECT "posts".* FROM "posts" ORDER BY created_at DESC[0m
  ↳ app/views/posts/index.html.erb:6
  Rendered posts/index.html.erb within layouts/application (2.2ms)
Completed 200 OK in 26ms (Views: 24.8ms | ActiveRecord: 0.3ms)


Started GET "/posts/1" for 127.0.0.1 at 2018-06-04 00:29:29 +0700
Processing by PostsController#show as HTML
  Parameters: {"id"=>"1"}
  [1m[36mPost Load (0.8ms)[0m  [1m[34mSELECT  "posts".* FROM "posts" WHERE "posts"."id" = ? LIMIT ?[0m  [["id", 1], ["LIMIT", 1]]
  ↳ app/controllers/posts_controller.rb:22
  Rendering posts/show.html.erb within layouts/application
  Rendered posts/show.html.erb within layouts/application (2.4ms)
Completed 200 OK in 52ms (Views: 46.5ms | ActiveRecord: 0.8ms)


Started DELETE "/posts/1" for 127.0.0.1 at 2018-06-04 00:29:32 +0700

AbstractController::ActionNotFound - The action 'destroy' could not be found for PostsController:

Started POST "/__better_errors/7bed13f874dee78c/variables" for 127.0.0.1 at 2018-06-04 00:29:33 +0700
Started DELETE "/posts/1" for 127.0.0.1 at 2018-06-04 00:30:42 +0700
Processing by PostsController#destroy as HTML
  Parameters: {"authenticity_token"=>"Mea5w1OZXsIPTxhZFfmunZD3uxksU4BBJlJc61dorp63G36N5tCBpWz4TD2ePmlpbi4FgWXdnwAbzWM3BB7ONQ==", "id"=>"1"}
  [1m[36mPost Load (0.1ms)[0m  [1m[34mSELECT  "posts".* FROM "posts" WHERE "posts"."id" = ? LIMIT ?[0m  [["id", 1], ["LIMIT", 1]]
  ↳ app/controllers/posts_controller.rb:41
  [1m[35m (0.1ms)[0m  [1m[36mbegin transaction[0m
  ↳ app/controllers/posts_controller.rb:42
  [1m[36mPost Destroy (0.2ms)[0m  [1m[31mDELETE FROM "posts" WHERE "posts"."id" = ?[0m  [["id", 1]]
  ↳ app/controllers/posts_controller.rb:42
  [1m[35m (7.9ms)[0m  [1m[36mcommit transaction[0m
  ↳ app/controllers/posts_controller.rb:42
Redirected to http://localhost:3000/posts
Completed 302 Found in 16ms (ActiveRecord: 8.7ms)


Started GET "/posts" for 127.0.0.1 at 2018-06-04 00:30:42 +0700
Processing by PostsController#index as HTML
  Rendering posts/index.html.erb within layouts/application
  [1m[36mPost Load (0.1ms)[0m  [1m[34mSELECT "posts".* FROM "posts" ORDER BY created_at DESC[0m
  ↳ app/views/posts/index.html.erb:6
  Rendered posts/index.html.erb within layouts/application (0.8ms)
Completed 200 OK in 19ms (Views: 18.1ms | ActiveRecord: 0.1ms)


Started GET "/posts/new" for 127.0.0.1 at 2018-06-04 00:30:45 +0700
Processing by PostsController#new as HTML
  Rendering posts/new.html.erb within layouts/application
  Rendered posts/new.html.erb within layouts/application (7.1ms)
Completed 200 OK in 37ms (Views: 34.6ms | ActiveRecord: 0.0ms)


Started POST "/posts" for 127.0.0.1 at 2018-06-04 00:31:33 +0700
Processing by PostsController#create as HTML
  Parameters: {"utf8"=>"✓", "authenticity_token"=>"4ZWrszH94qUNdLNPWSkisEF6FGMiLGGgwILWR1tmbVWcJNCqnWEu0zRXvABdpo8ka/Ce0V3KGBlwR46gojiZfg==", "post"=>{"title"=>"Second post", "content"=>"This is my second post"}, "commit"=>"Create new post"}
  [1m[35m (0.2ms)[0m  [1m[36mbegin transaction[0m
  ↳ app/controllers/posts_controller.rb:14
  [1m[36mPost Create (5.9ms)[0m  [1m[32mINSERT INTO "posts" ("title", "content", "created_at", "updated_at") VALUES (?, ?, ?, ?)[0m  [["title", "Second post"], ["content", "This is my second post"], ["created_at", "2018-06-03 17:31:33.173837"], ["updated_at", "2018-06-03 17:31:33.173837"]]
  ↳ app/controllers/posts_controller.rb:14
  [1m[35m (8.3ms)[0m  [1m[36mcommit transaction[0m
  ↳ app/controllers/posts_controller.rb:14
Redirected to http://localhost:3000/posts/2
Completed 302 Found in 32ms (ActiveRecord: 14.4ms)


Started GET "/posts/2" for 127.0.0.1 at 2018-06-04 00:31:33 +0700
Processing by PostsController#show as HTML
  Parameters: {"id"=>"2"}
  [1m[36mPost Load (0.4ms)[0m  [1m[34mSELECT  "posts".* FROM "posts" WHERE "posts"."id" = ? LIMIT ?[0m  [["id", 2], ["LIMIT", 1]]
  ↳ app/controllers/posts_controller.rb:22
  Rendering posts/show.html.erb within layouts/application
  Rendered posts/show.html.erb within layouts/application (2.7ms)
Completed 200 OK in 45ms (Views: 38.3ms | ActiveRecord: 0.4ms)


Started GET "/posts/new" for 127.0.0.1 at 2018-06-04 00:31:40 +0700
Processing by PostsController#new as HTML
  Rendering posts/new.html.erb within layouts/application
  Rendered posts/new.html.erb within layouts/application (9.4ms)
Completed 200 OK in 41ms (Views: 40.0ms | ActiveRecord: 0.0ms)


Started POST "/posts" for 127.0.0.1 at 2018-06-04 00:31:59 +0700
Processing by PostsController#create as HTML
  Parameters: {"utf8"=>"✓", "authenticity_token"=>"Rq7BGxHeW6UKZt1ugK4cnO+Mv0klj5Bp4T4bC8yBNoA7H7oCvUKX0zNF0iGEIbEIxQY1+1pp6dBR+0PsNd/Cqw==", "post"=>{"title"=>"Third post", "content"=>"This is my third post."}, "commit"=>"Create new post"}
  [1m[35m (0.1ms)[0m  [1m[36mbegin transaction[0m
  ↳ app/controllers/posts_controller.rb:14
  [1m[36mPost Create (0.6ms)[0m  [1m[32mINSERT INTO "posts" ("title", "content", "created_at", "updated_at") VALUES (?, ?, ?, ?)[0m  [["title", "Third post"], ["content", "This is my third post."], ["created_at", "2018-06-03 17:31:59.152148"], ["updated_at", "2018-06-03 17:31:59.152148"]]
  ↳ app/controllers/posts_controller.rb:14
  [1m[35m (7.0ms)[0m  [1m[36mcommit transaction[0m
  ↳ app/controllers/posts_controller.rb:14
Redirected to http://localhost:3000/posts/3
Completed 302 Found in 12ms (ActiveRecord: 7.8ms)


Started GET "/posts/3" for 127.0.0.1 at 2018-06-04 00:31:59 +0700
Processing by PostsController#show as HTML
  Parameters: {"id"=>"3"}
  [1m[36mPost Load (0.2ms)[0m  [1m[34mSELECT  "posts".* FROM "posts" WHERE "posts"."id" = ? LIMIT ?[0m  [["id", 3], ["LIMIT", 1]]
  ↳ app/controllers/posts_controller.rb:22
  Rendering posts/show.html.erb within layouts/application
  Rendered posts/show.html.erb within layouts/application (0.7ms)
Completed 200 OK in 22ms (Views: 20.3ms | ActiveRecord: 0.2ms)


Started GET "/" for 127.0.0.1 at 2018-06-04 00:32:01 +0700
Processing by PostsController#index as HTML
  Rendering posts/index.html.erb within layouts/application
  [1m[36mPost Load (0.4ms)[0m  [1m[34mSELECT "posts".* FROM "posts" ORDER BY created_at DESC[0m
  ↳ app/views/posts/index.html.erb:6
  Rendered posts/index.html.erb within layouts/application (4.8ms)
Completed 200 OK in 41ms (Views: 38.1ms | ActiveRecord: 0.4ms)


  [1m[35m (0.2ms)[0m  [1m[34mSELECT "schema_migrations"."version" FROM "schema_migrations" ORDER BY "schema_migrations"."version" ASC[0m
  ↳ bin/rails:9
Migrating to CreateComments (20180603173258)
  [1m[35m (0.1ms)[0m  [1m[36mbegin transaction[0m
  ↳ bin/rails:9
  [1m[35m (0.1ms)[0m  [1m[34mSELECT sqlite_version(*)[0m
  ↳ db/migrate/20180603173258_create_comments.rb:3
  [1m[35m (0.3ms)[0m  [1m[35mCREATE TABLE "comments" ("id" integer PRIMARY KEY AUTOINCREMENT NOT NULL, "name" varchar, "comment" text, "created_at" datetime NOT NULL, "updated_at" datetime NOT NULL)[0m
  ↳ db/migrate/20180603173258_create_comments.rb:3
  [1m[36mActiveRecord::SchemaMigration Create (0.1ms)[0m  [1m[32mINSERT INTO "schema_migrations" ("version") VALUES (?)[0m  [["version", "20180603173258"]]
  ↳ bin/rails:9
  [1m[35m (8.7ms)[0m  [1m[36mcommit transaction[0m
  ↳ bin/rails:9
  [1m[36mActiveRecord::InternalMetadata Load (0.2ms)[0m  [1m[34mSELECT  "ar_internal_metadata".* FROM "ar_internal_metadata" WHERE "ar_internal_metadata"."key" = ? LIMIT ?[0m  [["key", "environment"], ["LIMIT", 1]]
  ↳ bin/rails:9
  [1m[35m (0.1ms)[0m  [1m[36mbegin transaction[0m
  ↳ bin/rails:9
  [1m[35m (0.0ms)[0m  [1m[36mcommit transaction[0m
  ↳ bin/rails:9
  [1m[35m (0.1ms)[0m  [1m[34mSELECT "schema_migrations"."version" FROM "schema_migrations" ORDER BY "schema_migrations"."version" ASC[0m
  ↳ bin/rails:9
  [1m[35m (0.1ms)[0m  [1m[34mSELECT "schema_migrations"."version" FROM "schema_migrations" ORDER BY "schema_migrations"."version" ASC[0m
  ↳ bin/rails:9
Migrating to AddPostIdToComments (20180603173627)
  [1m[35m (0.1ms)[0m  [1m[36mbegin transaction[0m
  ↳ bin/rails:9
  [1m[35m (0.4ms)[0m  [1m[35mALTER TABLE "comments" ADD "post_id" integer[0m
  ↳ db/migrate/20180603173627_add_post_id_to_comments.rb:3
  [1m[36mActiveRecord::SchemaMigration Create (0.1ms)[0m  [1m[32mINSERT INTO "schema_migrations" ("version") VALUES (?)[0m  [["version", "20180603173627"]]
  ↳ bin/rails:9
  [1m[35m (9.5ms)[0m  [1m[36mcommit transaction[0m
  ↳ bin/rails:9
  [1m[36mActiveRecord::InternalMetadata Load (0.2ms)[0m  [1m[34mSELECT  "ar_internal_metadata".* FROM "ar_internal_metadata" WHERE "ar_internal_metadata"."key" = ? LIMIT ?[0m  [["key", "environment"], ["LIMIT", 1]]
  ↳ bin/rails:9
  [1m[35m (0.0ms)[0m  [1m[36mbegin transaction[0m
  ↳ bin/rails:9
  [1m[35m (0.0ms)[0m  [1m[36mcommit transaction[0m
  ↳ bin/rails:9
  [1m[35m (0.1ms)[0m  [1m[34mSELECT "schema_migrations"."version" FROM "schema_migrations" ORDER BY "schema_migrations"."version" ASC[0m
  ↳ bin/rails:9
Started GET "/" for 127.0.0.1 at 2018-06-04 00:41:46 +0700
  [1m[35m (0.1ms)[0m  [1m[34mSELECT "schema_migrations"."version" FROM "schema_migrations" ORDER BY "schema_migrations"."version" ASC[0m
  ↳ /home/trungnq/.rbenv/versions/2.3.3/lib/ruby/gems/2.3.0/gems/activerecord-5.2.0/lib/active_record/log_subscriber.rb:98
Processing by PostsController#index as HTML
  Rendering posts/index.html.erb within layouts/application
  [1m[36mPost Load (0.2ms)[0m  [1m[34mSELECT "posts".* FROM "posts" ORDER BY created_at DESC[0m
  ↳ app/views/posts/index.html.erb:6
  Rendered posts/index.html.erb within layouts/application (6.1ms)
Completed 200 OK in 883ms (Views: 874.7ms | ActiveRecord: 1.0ms)


Started GET "/posts/3" for 127.0.0.1 at 2018-06-04 00:41:49 +0700
Processing by PostsController#show as HTML
  Parameters: {"id"=>"3"}
  [1m[36mPost Load (0.8ms)[0m  [1m[34mSELECT  "posts".* FROM "posts" WHERE "posts"."id" = ? LIMIT ?[0m  [["id", 3], ["LIMIT", 1]]
  ↳ app/controllers/posts_controller.rb:22
  Rendering posts/show.html.erb within layouts/application
  [1m[35m (0.2ms)[0m  [1m[34mSELECT COUNT(*) FROM "comments" WHERE "comments"."post_id" = ?[0m  [["post_id", 3]]
  ↳ app/views/posts/show.html.erb:33
  Rendered posts/show.html.erb within layouts/application (50.9ms)
Completed 200 OK in 96ms (Views: 84.7ms | ActiveRecord: 1.6ms)


Started GET "/posts/2" for 127.0.0.1 at 2018-06-04 00:41:51 +0700
Processing by PostsController#show as HTML
  Parameters: {"id"=>"2"}
  [1m[36mPost Load (0.7ms)[0m  [1m[34mSELECT  "posts".* FROM "posts" WHERE "posts"."id" = ? LIMIT ?[0m  [["id", 2], ["LIMIT", 1]]
  ↳ app/controllers/posts_controller.rb:22
  Rendering posts/show.html.erb within layouts/application
  [1m[35m (0.6ms)[0m  [1m[34mSELECT COUNT(*) FROM "comments" WHERE "comments"."post_id" = ?[0m  [["post_id", 2]]
  ↳ app/views/posts/show.html.erb:33
  Rendered posts/show.html.erb within layouts/application (6.5ms)
Completed 200 OK in 91ms (Views: 83.4ms | ActiveRecord: 1.3ms)


Started GET "/posts/2" for 127.0.0.1 at 2018-06-04 00:42:01 +0700
Processing by PostsController#show as HTML
  Parameters: {"id"=>"2"}
  [1m[36mPost Load (1.1ms)[0m  [1m[34mSELECT  "posts".* FROM "posts" WHERE "posts"."id" = ? LIMIT ?[0m  [["id", 2], ["LIMIT", 1]]
  ↳ app/controllers/posts_controller.rb:22
  Rendering posts/show.html.erb within layouts/application
  [1m[35m (0.4ms)[0m  [1m[34mSELECT COUNT(*) FROM "comments" WHERE "comments"."post_id" = ?[0m  [["post_id", 2]]
  ↳ app/views/posts/show.html.erb:33
  Rendered posts/show.html.erb within layouts/application (5.2ms)
Completed 200 OK in 51ms (Views: 42.5ms | ActiveRecord: 1.4ms)


Started DELETE "/posts/2" for 127.0.0.1 at 2018-06-04 00:42:38 +0700
Processing by PostsController#destroy as HTML
  Parameters: {"authenticity_token"=>"EfxKk98Sk/Asy7WI4L5LkNZf16xk+9aZJhvqg3qi13+XAY3daltMl0984exreYxkKIZpNC11ydgbhNVfKdS31A==", "id"=>"2"}
  [1m[36mPost Load (0.9ms)[0m  [1m[34mSELECT  "posts".* FROM "posts" WHERE "posts"."id" = ? LIMIT ?[0m  [["id", 2], ["LIMIT", 1]]
  ↳ app/controllers/posts_controller.rb:41
  [1m[35m (0.2ms)[0m  [1m[36mbegin transaction[0m
  ↳ app/controllers/posts_controller.rb:42
  [1m[36mPost Destroy (1.3ms)[0m  [1m[31mDELETE FROM "posts" WHERE "posts"."id" = ?[0m  [["id", 2]]
  ↳ app/controllers/posts_controller.rb:42
  [1m[35m (94.4ms)[0m  [1m[36mcommit transaction[0m
  ↳ app/controllers/posts_controller.rb:42
Redirected to http://localhost:3000/posts
Completed 302 Found in 105ms (ActiveRecord: 96.8ms)


Started GET "/posts" for 127.0.0.1 at 2018-06-04 00:42:38 +0700
Processing by PostsController#index as HTML
  Rendering posts/index.html.erb within layouts/application
  [1m[36mPost Load (0.5ms)[0m  [1m[34mSELECT "posts".* FROM "posts" ORDER BY created_at DESC[0m
  ↳ app/views/posts/index.html.erb:6
  Rendered posts/index.html.erb within layouts/application (3.2ms)
Completed 200 OK in 54ms (Views: 50.4ms | ActiveRecord: 0.5ms)


Started GET "/posts/3" for 127.0.0.1 at 2018-06-04 00:42:40 +0700
Processing by PostsController#show as HTML
  Parameters: {"id"=>"3"}
  [1m[36mPost Load (0.6ms)[0m  [1m[34mSELECT  "posts".* FROM "posts" WHERE "posts"."id" = ? LIMIT ?[0m  [["id", 3], ["LIMIT", 1]]
  ↳ app/controllers/posts_controller.rb:22
  Rendering posts/show.html.erb within layouts/application
  [1m[35m (0.7ms)[0m  [1m[34mSELECT COUNT(*) FROM "comments" WHERE "comments"."post_id" = ?[0m  [["post_id", 3]]
  ↳ app/views/posts/show.html.erb:33
  Rendered posts/show.html.erb within layouts/application (6.3ms)
Completed 200 OK in 84ms (Views: 78.3ms | ActiveRecord: 1.3ms)


Started DELETE "/posts/3" for 127.0.0.1 at 2018-06-04 00:42:43 +0700
Processing by PostsController#destroy as HTML
  Parameters: {"authenticity_token"=>"Lr3rTXfFwnvNM1nLkIh+OqOYJche8nc0X6k182yLvL+oQCwDwowdHK6EDa8bT7nOXUGbUBd8aHViNgovP/3cFA==", "id"=>"3"}
  [1m[36mPost Load (0.8ms)[0m  [1m[34mSELECT  "posts".* FROM "posts" WHERE "posts"."id" = ? LIMIT ?[0m  [["id", 3], ["LIMIT", 1]]
  ↳ app/controllers/posts_controller.rb:41
  [1m[35m (0.2ms)[0m  [1m[36mbegin transaction[0m
  ↳ app/controllers/posts_controller.rb:42
  [1m[36mPost Destroy (4.7ms)[0m  [1m[31mDELETE FROM "posts" WHERE "posts"."id" = ?[0m  [["id", 3]]
  ↳ app/controllers/posts_controller.rb:42
  [1m[35m (144.1ms)[0m  [1m[36mcommit transaction[0m
  ↳ app/controllers/posts_controller.rb:42
Redirected to http://localhost:3000/posts
Completed 302 Found in 164ms (ActiveRecord: 149.8ms)


Started GET "/posts" for 127.0.0.1 at 2018-06-04 00:42:43 +0700
Processing by PostsController#index as HTML
  Rendering posts/index.html.erb within layouts/application
  [1m[36mPost Load (0.7ms)[0m  [1m[34mSELECT "posts".* FROM "posts" ORDER BY created_at DESC[0m
  ↳ app/views/posts/index.html.erb:6
  Rendered posts/index.html.erb within layouts/application (4.2ms)
Completed 200 OK in 59ms (Views: 52.3ms | ActiveRecord: 0.7ms)


Started GET "/posts" for 127.0.0.1 at 2018-06-04 00:44:31 +0700
Processing by PostsController#index as HTML
  Rendering posts/index.html.erb within layouts/application
  [1m[36mPost Load (0.7ms)[0m  [1m[34mSELECT "posts".* FROM "posts" ORDER BY created_at DESC[0m
  ↳ app/views/posts/index.html.erb:6
  Rendered posts/index.html.erb within layouts/application (5.1ms)
Completed 200 OK in 101ms (Views: 95.3ms | ActiveRecord: 0.7ms)


Started GET "/posts/new" for 127.0.0.1 at 2018-06-04 00:44:33 +0700
Processing by PostsController#new as HTML
  Rendering posts/new.html.erb within layouts/application
  Rendered posts/new.html.erb within layouts/application (6.5ms)
Completed 200 OK in 33ms (Views: 31.4ms | ActiveRecord: 0.0ms)


Started POST "/posts" for 127.0.0.1 at 2018-06-04 00:44:48 +0700
Processing by PostsController#create as HTML
  Parameters: {"utf8"=>"✓", "authenticity_token"=>"kU/bH2NGOSsA52jLqOEX3+0RsnsyWhVoTyAxlM6yq1Xs/qAGz9r1XTnEZ4SsbrpLx5s4yU28bNH/5WlzN+xffg==", "post"=>{"title"=>"Fourth post", "content"=>"Fourth post comment."}, "commit"=>"Create new post"}
  [1m[35m (0.2ms)[0m  [1m[36mbegin transaction[0m
  ↳ app/controllers/posts_controller.rb:14
  [1m[36mPost Create (0.9ms)[0m  [1m[32mINSERT INTO "posts" ("title", "content", "created_at", "updated_at") VALUES (?, ?, ?, ?)[0m  [["title", "Fourth post"], ["content", "Fourth post comment."], ["created_at", "2018-06-03 17:44:48.111890"], ["updated_at", "2018-06-03 17:44:48.111890"]]
  ↳ app/controllers/posts_controller.rb:14
  [1m[35m (10.4ms)[0m  [1m[36mcommit transaction[0m
  ↳ app/controllers/posts_controller.rb:14
Redirected to http://localhost:3000/posts/4
Completed 302 Found in 26ms (ActiveRecord: 11.6ms)


Started GET "/posts/4" for 127.0.0.1 at 2018-06-04 00:44:48 +0700
Processing by PostsController#show as HTML
  Parameters: {"id"=>"4"}
  [1m[36mPost Load (0.4ms)[0m  [1m[34mSELECT  "posts".* FROM "posts" WHERE "posts"."id" = ? LIMIT ?[0m  [["id", 4], ["LIMIT", 1]]
  ↳ app/controllers/posts_controller.rb:22
  Rendering posts/show.html.erb within layouts/application
  [1m[35m (0.4ms)[0m  [1m[34mSELECT COUNT(*) FROM "comments" WHERE "comments"."post_id" = ?[0m  [["post_id", 4]]
  ↳ app/views/posts/show.html.erb:33
  Rendered posts/show.html.erb within layouts/application (117.4ms)
Completed 500 Internal Server Error in 127ms (ActiveRecord: 0.8ms)



NoMethodError - undefined method `reder' for #<#<Class:0x007f479bb06bb8>:0x007f479a494790>
Did you mean?  render:
  app/views/posts/show.html.erb:34:in `_app_views_posts_show_html_erb__1937382199458085236_69972753950900'

Started POST "/__better_errors/73fb1c218d31332b/variables" for 127.0.0.1 at 2018-06-04 00:44:48 +0700
Started GET "/posts/4" for 127.0.0.1 at 2018-06-04 00:45:07 +0700
Processing by PostsController#show as HTML
  Parameters: {"id"=>"4"}
  [1m[36mPost Load (0.8ms)[0m  [1m[34mSELECT  "posts".* FROM "posts" WHERE "posts"."id" = ? LIMIT ?[0m  [["id", 4], ["LIMIT", 1]]
  ↳ app/controllers/posts_controller.rb:22
  Rendering posts/show.html.erb within layouts/application
  [1m[35m (1.1ms)[0m  [1m[34mSELECT COUNT(*) FROM "comments" WHERE "comments"."post_id" = ?[0m  [["post_id", 4]]
  ↳ app/views/posts/show.html.erb:33
  [1m[36mComment Load (0.7ms)[0m  [1m[34mSELECT "comments".* FROM "comments" WHERE "comments"."post_id" = ?[0m  [["post_id", 4]]
  ↳ app/views/posts/show.html.erb:34
  Rendered collection of templates [0 times] (0.1ms)
  Rendered posts/show.html.erb within layouts/application (21.8ms)
Completed 500 Internal Server Error in 36ms (ActiveRecord: 2.6ms)



ActionView::MissingTemplate - Missing partial comments/_form with {:locale=>[:en], :formats=>[:html], :variants=>[], :handlers=>[:raw, :erb, :html, :builder, :ruby, :coffee, :jbuilder]}. Searched in:
  * "/home/trungnq/tmp/tmp/demo_blog/app/views"
:
  app/views/posts/show.html.erb:38:in `_app_views_posts_show_html_erb__1937382199458085236_69972762146640'

Started POST "/__better_errors/5656bf404e317ce7/variables" for 127.0.0.1 at 2018-06-04 00:45:07 +0700
Started GET "/posts/1" for 127.0.0.1 at 2018-06-04 00:55:39 +0700
Processing by PostsController#show as HTML
  Parameters: {"id"=>"1"}
  [1m[36mPost Load (0.4ms)[0m  [1m[34mSELECT  "posts".* FROM "posts" WHERE "posts"."id" = ? LIMIT ?[0m  [["id", 1], ["LIMIT", 1]]
  ↳ app/controllers/posts_controller.rb:22
Completed 404 Not Found in 3ms (ActiveRecord: 0.4ms)



ActiveRecord::RecordNotFound - Couldn't find Post with 'id'=1:
  app/controllers/posts_controller.rb:22:in `show'

Started POST "/__better_errors/1919264821ceab91/variables" for 127.0.0.1 at 2018-06-04 00:55:39 +0700
Started GET "/posts/1" for 127.0.0.1 at 2018-06-04 01:00:08 +0700
  [1m[35m (0.3ms)[0m  [1m[34mSELECT "schema_migrations"."version" FROM "schema_migrations" ORDER BY "schema_migrations"."version" ASC[0m
  ↳ /home/trungnq/.rbenv/versions/2.3.3/lib/ruby/gems/2.3.0/gems/activerecord-5.2.0/lib/active_record/log_subscriber.rb:98
Processing by PostsController#show as HTML
  Parameters: {"id"=>"1"}
  [1m[36mPost Load (0.2ms)[0m  [1m[34mSELECT  "posts".* FROM "posts" WHERE "posts"."id" = ? LIMIT ?[0m  [["id", 1], ["LIMIT", 1]]
  ↳ app/controllers/posts_controller.rb:22
Completed 404 Not Found in 14ms (ActiveRecord: 1.0ms)



ActiveRecord::RecordNotFound - Couldn't find Post with 'id'=1:
  app/controllers/posts_controller.rb:22:in `show'

Started POST "/__better_errors/9a691bf8d26a73ab/variables" for 127.0.0.1 at 2018-06-04 01:00:08 +0700
Started GET "/posts/1" for 127.0.0.1 at 2018-06-04 01:00:38 +0700
Processing by PostsController#show as HTML
  Parameters: {"id"=>"1"}
  [1m[36mPost Load (0.4ms)[0m  [1m[34mSELECT  "posts".* FROM "posts" WHERE "posts"."id" = ? LIMIT ?[0m  [["id", 1], ["LIMIT", 1]]
  ↳ app/controllers/posts_controller.rb:22
Completed 404 Not Found in 10ms (ActiveRecord: 2.8ms)



ActiveRecord::RecordNotFound - Couldn't find Post with 'id'=1:
  app/controllers/posts_controller.rb:22:in `show'

Started POST "/__better_errors/29083fcccfc09160/variables" for 127.0.0.1 at 2018-06-04 01:00:38 +0700
Started GET "/posts" for 127.0.0.1 at 2018-06-04 01:00:59 +0700
Processing by PostsController#index as HTML
  Rendering posts/index.html.erb within layouts/application
  [1m[36mPost Load (0.2ms)[0m  [1m[34mSELECT "posts".* FROM "posts" ORDER BY created_at DESC[0m
  ↳ app/views/posts/index.html.erb:6
  Rendered posts/index.html.erb within layouts/application (12.4ms)
Completed 200 OK in 239ms (Views: 236.7ms | ActiveRecord: 0.2ms)


Started GET "/posts/4" for 127.0.0.1 at 2018-06-04 01:01:01 +0700
Processing by PostsController#show as HTML
  Parameters: {"id"=>"4"}
  [1m[36mPost Load (0.4ms)[0m  [1m[34mSELECT  "posts".* FROM "posts" WHERE "posts"."id" = ? LIMIT ?[0m  [["id", 4], ["LIMIT", 1]]
  ↳ app/controllers/posts_controller.rb:22
  Rendering posts/show.html.erb within layouts/application
  [1m[35m (0.2ms)[0m  [1m[34mSELECT COUNT(*) FROM "comments" WHERE "comments"."post_id" = ?[0m  [["post_id", 4]]
  ↳ app/views/posts/show.html.erb:33
  [1m[36mComment Load (0.2ms)[0m  [1m[34mSELECT "comments".* FROM "comments" WHERE "comments"."post_id" = ?[0m  [["post_id", 4]]
  ↳ app/views/posts/show.html.erb:34
  Rendered collection of templates [0 times] (0.0ms)
  Rendered posts/show.html.erb within layouts/application (20.2ms)
Completed 500 Internal Server Error in 27ms (ActiveRecord: 1.3ms)



ActionView::MissingTemplate - Missing partial comments/_form with {:locale=>[:en], :formats=>[:html], :variants=>[], :handlers=>[:raw, :erb, :html, :builder, :ruby, :coffee, :jbuilder]}. Searched in:
  * "/home/trungnq/tmp/tmp/demo_blog/app/views"
:
  app/views/posts/show.html.erb:38:in `_app_views_posts_show_html_erb__2411032729591417323_69933274818580'

Started POST "/__better_errors/bb0ce92268879b8f/variables" for 127.0.0.1 at 2018-06-04 01:01:01 +0700
Started GET "/" for 127.0.0.1 at 2018-06-04 01:01:23 +0700
Processing by PostsController#index as HTML
  Rendering posts/index.html.erb within layouts/application
  [1m[36mPost Load (0.6ms)[0m  [1m[34mSELECT "posts".* FROM "posts" ORDER BY created_at DESC[0m
  ↳ app/views/posts/index.html.erb:6
  Rendered posts/index.html.erb within layouts/application (5.7ms)
Completed 200 OK in 57ms (Views: 50.2ms | ActiveRecord: 0.6ms)


Started GET "/posts/4" for 127.0.0.1 at 2018-06-04 01:01:25 +0700
Processing by PostsController#show as HTML
  Parameters: {"id"=>"4"}
  [1m[36mPost Load (0.3ms)[0m  [1m[34mSELECT  "posts".* FROM "posts" WHERE "posts"."id" = ? LIMIT ?[0m  [["id", 4], ["LIMIT", 1]]
  ↳ app/controllers/posts_controller.rb:22
  Rendering posts/show.html.erb within layouts/application
  [1m[35m (0.2ms)[0m  [1m[34mSELECT COUNT(*) FROM "comments" WHERE "comments"."post_id" = ?[0m  [["post_id", 4]]
  ↳ app/views/posts/show.html.erb:33
  [1m[36mComment Load (0.2ms)[0m  [1m[34mSELECT "comments".* FROM "comments" WHERE "comments"."post_id" = ?[0m  [["post_id", 4]]
  ↳ app/views/posts/show.html.erb:34
  Rendered collection of templates [0 times] (0.0ms)
  Rendered posts/show.html.erb within layouts/application (5.7ms)
Completed 500 Internal Server Error in 10ms (ActiveRecord: 0.7ms)



ActionView::MissingTemplate - Missing partial comments/_form with {:locale=>[:en], :formats=>[:html], :variants=>[], :handlers=>[:raw, :erb, :html, :builder, :ruby, :coffee, :jbuilder]}. Searched in:
  * "/home/trungnq/tmp/tmp/demo_blog/app/views"
:
  app/views/posts/show.html.erb:38:in `_app_views_posts_show_html_erb__2411032729591417323_69933150953200'

Started POST "/__better_errors/6ebe96d7f8b34fc2/variables" for 127.0.0.1 at 2018-06-04 01:01:25 +0700
Started GET "/" for 127.0.0.1 at 2018-06-04 01:01:27 +0700
Processing by PostsController#index as HTML
  Rendering posts/index.html.erb within layouts/application
  [1m[36mPost Load (0.2ms)[0m  [1m[34mSELECT "posts".* FROM "posts" ORDER BY created_at DESC[0m
  ↳ app/views/posts/index.html.erb:6
  Rendered posts/index.html.erb within layouts/application (3.2ms)
Completed 200 OK in 55ms (Views: 51.3ms | ActiveRecord: 0.2ms)


Started GET "/posts/new" for 127.0.0.1 at 2018-06-04 01:01:29 +0700
Processing by PostsController#new as HTML
  Rendering posts/new.html.erb within layouts/application
  Rendered posts/new.html.erb within layouts/application (93.1ms)
Completed 200 OK in 128ms (Views: 124.4ms | ActiveRecord: 0.0ms)


Started POST "/posts" for 127.0.0.1 at 2018-06-04 01:01:48 +0700
Processing by PostsController#create as HTML
  Parameters: {"utf8"=>"✓", "authenticity_token"=>"8Z/HhTd1ff54PvSdoZn9IE4eustUJplcUygtjtFD9YaMLrycm+mxiEEd+9KlFlC0ZJQweSvA4OXj7XVpKB0BrQ==", "post"=>{"title"=>"Five post", "content"=>"This is my five post."}, "commit"=>"Create new post"}
  [1m[35m (0.1ms)[0m  [1m[36mbegin transaction[0m
  ↳ app/controllers/posts_controller.rb:14
  [1m[36mPost Create (1.0ms)[0m  [1m[32mINSERT INTO "posts" ("title", "content", "created_at", "updated_at") VALUES (?, ?, ?, ?)[0m  [["title", "Five post"], ["content", "This is my five post."], ["created_at", "2018-06-03 18:01:48.354209"], ["updated_at", "2018-06-03 18:01:48.354209"]]
  ↳ app/controllers/posts_controller.rb:14
  [1m[35m (6.7ms)[0m  [1m[36mcommit transaction[0m
  ↳ app/controllers/posts_controller.rb:14
Redirected to http://localhost:3000/posts/5
Completed 302 Found in 19ms (ActiveRecord: 7.7ms)


Started GET "/posts/5" for 127.0.0.1 at 2018-06-04 01:01:48 +0700
Processing by PostsController#show as HTML
  Parameters: {"id"=>"5"}
  [1m[36mPost Load (0.2ms)[0m  [1m[34mSELECT  "posts".* FROM "posts" WHERE "posts"."id" = ? LIMIT ?[0m  [["id", 5], ["LIMIT", 1]]
  ↳ app/controllers/posts_controller.rb:22
  Rendering posts/show.html.erb within layouts/application
  [1m[35m (0.2ms)[0m  [1m[34mSELECT COUNT(*) FROM "comments" WHERE "comments"."post_id" = ?[0m  [["post_id", 5]]
  ↳ app/views/posts/show.html.erb:33
  [1m[36mComment Load (0.2ms)[0m  [1m[34mSELECT "comments".* FROM "comments" WHERE "comments"."post_id" = ?[0m  [["post_id", 5]]
  ↳ app/views/posts/show.html.erb:34
  Rendered collection of templates [0 times] (0.0ms)
  Rendered posts/show.html.erb within layouts/application (5.4ms)
Completed 500 Internal Server Error in 10ms (ActiveRecord: 0.6ms)



ActionView::MissingTemplate - Missing partial comments/_form with {:locale=>[:en], :formats=>[:html], :variants=>[], :handlers=>[:raw, :erb, :html, :builder, :ruby, :coffee, :jbuilder]}. Searched in:
  * "/home/trungnq/tmp/tmp/demo_blog/app/views"
:
  app/views/posts/show.html.erb:38:in `_app_views_posts_show_html_erb__2411032729591417323_69933162091800'

Started POST "/__better_errors/f10f742864b24ad5/variables" for 127.0.0.1 at 2018-06-04 01:01:48 +0700
Started GET "/posts/5" for 127.0.0.1 at 2018-06-04 01:08:32 +0700
Processing by PostsController#show as HTML
  Parameters: {"id"=>"5"}
  [1m[36mPost Load (0.7ms)[0m  [1m[34mSELECT  "posts".* FROM "posts" WHERE "posts"."id" = ? LIMIT ?[0m  [["id", 5], ["LIMIT", 1]]
  ↳ app/controllers/posts_controller.rb:22
  Rendering posts/show.html.erb within layouts/application
  [1m[35m (0.6ms)[0m  [1m[34mSELECT COUNT(*) FROM "comments" WHERE "comments"."post_id" = ?[0m  [["post_id", 5]]
  ↳ app/views/posts/show.html.erb:33
  [1m[36mComment Load (0.6ms)[0m  [1m[34mSELECT "comments".* FROM "comments" WHERE "comments"."post_id" = ?[0m  [["post_id", 5]]
  ↳ app/views/posts/show.html.erb:34
  Rendered collection of templates [0 times] (0.0ms)
  Rendered comments/_form.html.erb (46.8ms)
  Rendered posts/show.html.erb within layouts/application (62.0ms)
Completed 200 OK in 113ms (Views: 100.1ms | ActiveRecord: 3.1ms)


Started GET "/" for 127.0.0.1 at 2018-06-04 01:08:40 +0700
Processing by PostsController#index as HTML
  Rendering posts/index.html.erb within layouts/application
  [1m[36mPost Load (0.3ms)[0m  [1m[34mSELECT "posts".* FROM "posts" ORDER BY created_at DESC[0m
  ↳ app/views/posts/index.html.erb:6
  Rendered posts/index.html.erb within layouts/application (2.6ms)
Completed 200 OK in 60ms (Views: 58.0ms | ActiveRecord: 0.3ms)


Started GET "/posts/4" for 127.0.0.1 at 2018-06-04 01:08:41 +0700
Processing by PostsController#show as HTML
  Parameters: {"id"=>"4"}
  [1m[36mPost Load (2.1ms)[0m  [1m[34mSELECT  "posts".* FROM "posts" WHERE "posts"."id" = ? LIMIT ?[0m  [["id", 4], ["LIMIT", 1]]
  ↳ app/controllers/posts_controller.rb:22
  Rendering posts/show.html.erb within layouts/application
  [1m[35m (0.6ms)[0m  [1m[34mSELECT COUNT(*) FROM "comments" WHERE "comments"."post_id" = ?[0m  [["post_id", 4]]
  ↳ app/views/posts/show.html.erb:33
  [1m[36mComment Load (0.6ms)[0m  [1m[34mSELECT "comments".* FROM "comments" WHERE "comments"."post_id" = ?[0m  [["post_id", 4]]
  ↳ app/views/posts/show.html.erb:34
  Rendered collection of templates [0 times] (0.1ms)
  Rendered comments/_form.html.erb (33.1ms)
  Rendered posts/show.html.erb within layouts/application (50.9ms)
Completed 200 OK in 101ms (Views: 93.7ms | ActiveRecord: 3.2ms)


Started POST "/posts/4/comments" for 127.0.0.1 at 2018-06-04 01:09:36 +0700
Processing by CommentsController#create as HTML
  Parameters: {"utf8"=>"✓", "authenticity_token"=>"qvzux/lbqGzCQhPyIS7IqoRbPoJQX1oAkfYLWtZnrmAIMeSysqW6BeVDCAXglpM9Sp+Aslg/yBZPJnTTSU0sQQ==", "comment"=>{"name"=>"Nguyen Quoc Trung", "comment"=>"This is my first comment"}, "commit"=>"Create Comment", "post_id"=>"4"}
  [1m[36mPost Load (0.2ms)[0m  [1m[34mSELECT  "posts".* FROM "posts" WHERE "posts"."id" = ? LIMIT ?[0m  [["id", 4], ["LIMIT", 1]]
  ↳ app/controllers/comments_controller.rb:4
  [1m[35m (0.1ms)[0m  [1m[36mbegin transaction[0m
  ↳ app/controllers/comments_controller.rb:5
  [1m[36mComment Create (0.2ms)[0m  [1m[32mINSERT INTO "comments" ("name", "comment", "created_at", "updated_at", "post_id") VALUES (?, ?, ?, ?, ?)[0m  [["name", "Nguyen Quoc Trung"], ["comment", "This is my first comment"], ["created_at", "2018-06-03 18:09:36.647269"], ["updated_at", "2018-06-03 18:09:36.647269"], ["post_id", 4]]
  ↳ app/controllers/comments_controller.rb:5
  [1m[35m (9.3ms)[0m  [1m[36mcommit transaction[0m
  ↳ app/controllers/comments_controller.rb:5
Redirected to http://localhost:3000/posts/4
Completed 302 Found in 17ms (ActiveRecord: 9.8ms)


Started GET "/posts/4" for 127.0.0.1 at 2018-06-04 01:09:36 +0700
Processing by PostsController#show as HTML
  Parameters: {"id"=>"4"}
  [1m[36mPost Load (0.2ms)[0m  [1m[34mSELECT  "posts".* FROM "posts" WHERE "posts"."id" = ? LIMIT ?[0m  [["id", 4], ["LIMIT", 1]]
  ↳ app/controllers/posts_controller.rb:22
  Rendering posts/show.html.erb within layouts/application
  [1m[35m (0.1ms)[0m  [1m[34mSELECT COUNT(*) FROM "comments" WHERE "comments"."post_id" = ?[0m  [["post_id", 4]]
  ↳ app/views/posts/show.html.erb:33
  [1m[36mComment Load (0.1ms)[0m  [1m[34mSELECT "comments".* FROM "comments" WHERE "comments"."post_id" = ?[0m  [["post_id", 4]]
  ↳ app/views/posts/show.html.erb:34
  Rendered posts/show.html.erb within layouts/application (3.4ms)
Completed 500 Internal Server Error in 6ms (ActiveRecord: 0.4ms)



ActionView::MissingTemplate - Missing partial comments/_comment with {:locale=>[:en], :formats=>[:html], :variants=>[], :handlers=>[:raw, :erb, :html, :builder, :ruby, :coffee, :jbuilder]}. Searched in:
  * "/home/trungnq/tmp/tmp/demo_blog/app/views"
:
  app/views/posts/show.html.erb:34:in `_app_views_posts_show_html_erb__2411032729591417323_69933243928320'

Started POST "/__better_errors/60c5e46614e6492d/variables" for 127.0.0.1 at 2018-06-04 01:09:36 +0700
Started GET "/posts/4" for 127.0.0.1 at 2018-06-04 01:13:31 +0700
Processing by PostsController#show as HTML
  Parameters: {"id"=>"4"}
  [1m[36mPost Load (0.8ms)[0m  [1m[34mSELECT  "posts".* FROM "posts" WHERE "posts"."id" = ? LIMIT ?[0m  [["id", 4], ["LIMIT", 1]]
  ↳ app/controllers/posts_controller.rb:22
  Rendering posts/show.html.erb within layouts/application
  [1m[35m (0.6ms)[0m  [1m[34mSELECT COUNT(*) FROM "comments" WHERE "comments"."post_id" = ?[0m  [["post_id", 4]]
  ↳ app/views/posts/show.html.erb:33
  [1m[36mComment Load (0.5ms)[0m  [1m[34mSELECT "comments".* FROM "comments" WHERE "comments"."post_id" = ?[0m  [["post_id", 4]]
  ↳ app/views/posts/show.html.erb:34
  Rendered collection of comments/_comment.html.erb [1 times] (2.7ms)
  Rendered comments/_form.html.erb (22.1ms)
  Rendered posts/show.html.erb within layouts/application (39.5ms)
Completed 200 OK in 82ms (Views: 74.6ms | ActiveRecord: 1.9ms)


Started GET "/posts/4" for 127.0.0.1 at 2018-06-04 01:15:04 +0700
Processing by PostsController#show as HTML
  Parameters: {"id"=>"4"}
  [1m[36mPost Load (0.2ms)[0m  [1m[34mSELECT  "posts".* FROM "posts" WHERE "posts"."id" = ? LIMIT ?[0m  [["id", 4], ["LIMIT", 1]]
  ↳ app/controllers/posts_controller.rb:22
  Rendering posts/show.html.erb within layouts/application
  [1m[35m (0.2ms)[0m  [1m[34mSELECT COUNT(*) FROM "comments" WHERE "comments"."post_id" = ?[0m  [["post_id", 4]]
  ↳ app/views/posts/show.html.erb:33
  [1m[36mComment Load (0.1ms)[0m  [1m[34mSELECT "comments".* FROM "comments" WHERE "comments"."post_id" = ?[0m  [["post_id", 4]]
  ↳ app/views/posts/show.html.erb:34
  Rendered collection of comments/_comment.html.erb [1 times] (1.0ms)
  Rendered comments/_form.html.erb (8.4ms)
  Rendered posts/show.html.erb within layouts/application (27.8ms)
Completed 200 OK in 67ms (Views: 51.3ms | ActiveRecord: 2.2ms)


Started DELETE "/posts/4/comments/1" for 127.0.0.1 at 2018-06-04 01:15:07 +0700
Processing by CommentsController#destroy as HTML
  Parameters: {"authenticity_token"=>"ePyGUknTkEf7hyIPRPyl4wZU45/C8DxMbOygCJlMHZv+AUEc/JpPIJgwdmvPO2IX+I1dB4t+Iw1Rc5/Uyjp9MA==", "post_id"=>"4", "id"=>"1"}
  [1m[36mPost Load (0.2ms)[0m  [1m[34mSELECT  "posts".* FROM "posts" WHERE "posts"."id" = ? LIMIT ?[0m  [["id", 4], ["LIMIT", 1]]
  ↳ app/controllers/comments_controller.rb:10
  [1m[36mComment Load (0.3ms)[0m  [1m[34mSELECT  "comments".* FROM "comments" WHERE "comments"."post_id" = ? AND "comments"."id" = ? LIMIT ?[0m  [["post_id", 4], ["id", 1], ["LIMIT", 1]]
  ↳ app/controllers/comments_controller.rb:11
  [1m[35m (0.1ms)[0m  [1m[36mbegin transaction[0m
  ↳ app/controllers/comments_controller.rb:12
  [1m[36mComment Destroy (0.9ms)[0m  [1m[31mDELETE FROM "comments" WHERE "comments"."id" = ?[0m  [["id", 1]]
  ↳ app/controllers/comments_controller.rb:12
  [1m[35m (7.7ms)[0m  [1m[36mcommit transaction[0m
  ↳ app/controllers/comments_controller.rb:12
Redirected to http://localhost:3000/posts/4
Completed 302 Found in 21ms (ActiveRecord: 9.2ms)


Started GET "/posts/4" for 127.0.0.1 at 2018-06-04 01:15:07 +0700
Processing by PostsController#show as HTML
  Parameters: {"id"=>"4"}
  [1m[36mPost Load (0.2ms)[0m  [1m[34mSELECT  "posts".* FROM "posts" WHERE "posts"."id" = ? LIMIT ?[0m  [["id", 4], ["LIMIT", 1]]
  ↳ app/controllers/posts_controller.rb:22
  Rendering posts/show.html.erb within layouts/application
  [1m[35m (0.2ms)[0m  [1m[34mSELECT COUNT(*) FROM "comments" WHERE "comments"."post_id" = ?[0m  [["post_id", 4]]
  ↳ app/views/posts/show.html.erb:33
  [1m[36mComment Load (0.2ms)[0m  [1m[34mSELECT "comments".* FROM "comments" WHERE "comments"."post_id" = ?[0m  [["post_id", 4]]
  ↳ app/views/posts/show.html.erb:34
  Rendered collection of templates [0 times] (0.0ms)
  Rendered comments/_form.html.erb (8.3ms)
  Rendered posts/show.html.erb within layouts/application (16.5ms)
Completed 200 OK in 42ms (Views: 39.5ms | ActiveRecord: 0.6ms)


  [1m[36mPost Load (0.8ms)[0m  [1m[34mSELECT  "posts".* FROM "posts" LIMIT ?[0m  [["LIMIT", 11]]
  [1m[36mPost Load (0.3ms)[0m  [1m[34mSELECT  "posts".* FROM "posts" WHERE "posts"."id" = ? LIMIT ?[0m  [["id", 4], ["LIMIT", 1]]
  [1m[35m (0.2ms)[0m  [1m[36mbegin transaction[0m
  [1m[36mPost Update (1.9ms)[0m  [1m[33mUPDATE "posts" SET "title" = ?, "updated_at" = ? WHERE "posts"."id" = ?[0m  [["title", "This is a post updated from rails console"], ["updated_at", "2018-06-03 18:17:23.753529"], ["id", 4]]
  [1m[35m (8.8ms)[0m  [1m[36mcommit transaction[0m
Started GET "/posts/4" for 127.0.0.1 at 2018-06-04 01:17:33 +0700
Processing by PostsController#show as HTML
  Parameters: {"id"=>"4"}
  [1m[36mPost Load (0.3ms)[0m  [1m[34mSELECT  "posts".* FROM "posts" WHERE "posts"."id" = ? LIMIT ?[0m  [["id", 4], ["LIMIT", 1]]
  ↳ app/controllers/posts_controller.rb:22
  Rendering posts/show.html.erb within layouts/application
  [1m[35m (0.3ms)[0m  [1m[34mSELECT COUNT(*) FROM "comments" WHERE "comments"."post_id" = ?[0m  [["post_id", 4]]
  ↳ app/views/posts/show.html.erb:33
  [1m[36mComment Load (0.4ms)[0m  [1m[34mSELECT "comments".* FROM "comments" WHERE "comments"."post_id" = ?[0m  [["post_id", 4]]
  ↳ app/views/posts/show.html.erb:34
  Rendered collection of templates [0 times] (0.0ms)
  Rendered comments/_form.html.erb (10.4ms)
  Rendered posts/show.html.erb within layouts/application (16.1ms)
Completed 200 OK in 54ms (Views: 49.4ms | ActiveRecord: 1.0ms)


Started GET "/" for 127.0.0.1 at 2018-06-04 01:17:47 +0700
Processing by PostsController#index as HTML
  Rendering posts/index.html.erb within layouts/application
  [1m[36mPost Load (0.3ms)[0m  [1m[34mSELECT "posts".* FROM "posts" ORDER BY created_at DESC[0m
  ↳ app/views/posts/index.html.erb:6
  Rendered posts/index.html.erb within layouts/application (2.0ms)
Completed 200 OK in 38ms (Views: 36.0ms | ActiveRecord: 0.3ms)


Started GET "/posts/5" for 127.0.0.1 at 2018-06-04 01:17:49 +0700
Processing by PostsController#show as HTML
  Parameters: {"id"=>"5"}
  [1m[36mPost Load (0.4ms)[0m  [1m[34mSELECT  "posts".* FROM "posts" WHERE "posts"."id" = ? LIMIT ?[0m  [["id", 5], ["LIMIT", 1]]
  ↳ app/controllers/posts_controller.rb:22
  Rendering posts/show.html.erb within layouts/application
  [1m[35m (0.3ms)[0m  [1m[34mSELECT COUNT(*) FROM "comments" WHERE "comments"."post_id" = ?[0m  [["post_id", 5]]
  ↳ app/views/posts/show.html.erb:33
  [1m[36mComment Load (0.3ms)[0m  [1m[34mSELECT "comments".* FROM "comments" WHERE "comments"."post_id" = ?[0m  [["post_id", 5]]
  ↳ app/views/posts/show.html.erb:34
  Rendered collection of templates [0 times] (0.0ms)
  Rendered comments/_form.html.erb (10.8ms)
  Rendered posts/show.html.erb within layouts/application (16.3ms)
Completed 200 OK in 64ms (Views: 60.3ms | ActiveRecord: 1.0ms)


Started GET "/posts/5" for 127.0.0.1 at 2018-06-04 01:21:22 +0700
Processing by PostsController#show as HTML
  Parameters: {"id"=>"5"}
Completed 500 Internal Server Error in 2ms (ActiveRecord: 0.0ms)



ArgumentError - wrong number of arguments (given 3, expected 1..2):
  app/models/post.rb:2:in `<class:Post>'
  app/models/post.rb:1:in `<main>'
  app/controllers/posts_controller.rb:48:in `find_post'

Started POST "/__better_errors/e55b74290da7f8a4/variables" for 127.0.0.1 at 2018-06-04 01:21:22 +0700
Started GET "/posts/5" for 127.0.0.1 at 2018-06-04 01:21:46 +0700
Processing by PostsController#show as HTML
  Parameters: {"id"=>"5"}
  [1m[36mPost Load (0.4ms)[0m  [1m[34mSELECT  "posts".* FROM "posts" WHERE "posts"."id" = ? LIMIT ?[0m  [["id", 5], ["LIMIT", 1]]
  ↳ app/controllers/posts_controller.rb:48
  Rendering posts/show.html.erb within layouts/application
  [1m[35m (0.2ms)[0m  [1m[34mSELECT COUNT(*) FROM "comments" WHERE "comments"."post_id" = ?[0m  [["post_id", 5]]
  ↳ app/views/posts/show.html.erb:33
  [1m[36mComment Load (0.4ms)[0m  [1m[34mSELECT "comments".* FROM "comments" WHERE "comments"."post_id" = ?[0m  [["post_id", 5]]
  ↳ app/views/posts/show.html.erb:34
  Rendered collection of templates [0 times] (0.0ms)
  Rendered comments/_form.html.erb (16.5ms)
  Rendered posts/show.html.erb within layouts/application (24.6ms)
Completed 200 OK in 53ms (Views: 39.6ms | ActiveRecord: 2.5ms)


